[2019-04-12 13:09:09] slim-app.INFO: Slim-Skeleton '/' route [] {"uid":"20a898a"}
[2019-04-12 13:09:38] slim-app.INFO: Slim-Skeleton '/' route [] {"uid":"023c635"}
[2019-04-12 13:10:51] slim-app.INFO: Slim-Skeleton '/' route [] {"uid":"3a1a675"}
[2019-04-12 13:11:10] slim-app.INFO: Slim-Skeleton '/' route [] {"uid":"b7f3a0a"}
[2019-04-12 13:11:24] slim-app.INFO: Slim-Skeleton '/' route [] {"uid":"917913b"}
[2019-04-12 13:11:52] slim-app.INFO: Slim-Skeleton '/' route [] {"uid":"835f96a"}
[2019-04-12 13:12:38] slim-app.INFO: Slim-Skeleton '/' route [] {"uid":"c21940d"}
[2019-04-12 13:12:57] slim-app.INFO: Slim-Skeleton '/' route [] {"uid":"6582a79"}
[2019-04-12 13:14:31] slim-app.INFO: Slim-Skeleton '/' route [] {"uid":"66374b1"}
[2019-04-12 13:15:28] slim-app.INFO: Slim-Skeleton '/' route [] {"uid":"1cf0d00"}
[2019-04-12 13:15:40] slim-app.INFO: Slim-Skeleton '/' route [] {"uid":"658d97d"}
[2019-04-12 13:15:53] slim-app.INFO: Slim-Skeleton '/' route [] {"uid":"33b268f"}
[2019-04-12 13:16:24] slim-app.INFO: Slim-Skeleton '/' route [] {"uid":"d370738"}
[2019-04-12 13:17:15] slim-app.INFO: Slim-Skeleton '/' route [] {"uid":"6b8c461"}
[2019-04-12 13:18:25] slim-app.INFO: Slim-Skeleton '/' route [] {"uid":"a83b440"}
[2019-04-12 13:19:12] slim-app.INFO: Slim-Skeleton '/' route [] {"uid":"b36d794"}
[2019-04-12 13:20:22] slim-app.INFO: Slim-Skeleton '/' route [] {"uid":"948e1d1"}
[2019-04-12 13:20:49] slim-app.INFO: Slim-Skeleton '/' route [] {"uid":"b1175c9"}
[2019-04-12 13:21:13] slim-app.INFO: Slim-Skeleton '/' route [] {"uid":"d775157"}
[2019-04-12 13:22:36] slim-app.INFO: Slim-Skeleton '/' route [] {"uid":"b0feddb"}
[2019-04-12 13:24:11] slim-app.INFO: Slim-Skeleton '/' route [] {"uid":"8b553ac"}
[2019-04-12 13:24:51] slim-app.INFO: Slim-Skeleton '/' route [] {"uid":"e717974"}
[2019-04-12 13:25:12] slim-app.INFO: Slim-Skeleton '/' route [] {"uid":"603e510"}
[2019-04-12 13:26:55] slim-app.INFO: Slim-Skeleton '/' route [] {"uid":"da4877d"}
[2019-04-12 13:27:03] slim-app.INFO: Slim-Skeleton '/dbdemo' route [] {"uid":"a4e1f50"}
[2019-04-12 13:28:06] slim-app.INFO: Slim-Skeleton '/dbdemo' route [] {"uid":"fb7cad4"}
[2019-04-12 13:28:10] slim-app.INFO: Slim-Skeleton '/' route [] {"uid":"9f84dbe"}
[2019-04-12 13:28:36] slim-app.INFO: Slim-Skeleton '/dbdemo' route [] {"uid":"2857c0f"}
[2019-04-12 13:29:49] slim-app.INFO: Slim-Skeleton '/dbdemo' route [] {"uid":"ece11a6"}
[2019-04-12 13:31:13] slim-app.INFO: Slim-Skeleton '/' route [] {"uid":"8beed4f"}
[2019-04-12 13:31:21] slim-app.INFO: Slim-Skeleton '/dbdemo' route [] {"uid":"98eaaf3"}
[2019-04-12 13:31:34] slim-app.INFO: Slim-Skeleton '/dbdemo' route [] {"uid":"c879536"}
[2019-04-12 13:36:47] slim-app.INFO: Slim-Skeleton '/' route [] {"uid":"5954bc6"}
[2019-04-12 13:55:26] slim-app.INFO: Slim-Skeleton '/' route [] {"uid":"f55ea16"}
[2019-04-12 13:55:31] slim-app.INFO: Slim-Skeleton '/' route [] {"uid":"8449e00"}
[2019-04-12 13:57:57] slim-app.INFO: Slim-Skeleton '/' route [] {"uid":"ecfaa42"}
[2019-04-12 13:58:00] slim-app.INFO: Slim-Skeleton '/' route [] {"uid":"970481c"}
[2019-04-12 13:59:14] slim-app.INFO: Slim-Skeleton '/' route [] {"uid":"7668658"}
[2019-04-12 13:59:18] slim-app.INFO: Slim-Skeleton '/' route [] {"uid":"3be89a4"}
[2019-04-12 13:59:24] slim-app.INFO: Slim-Skeleton '/' route [] {"uid":"c3fe2d5"}
[2019-04-12 13:59:26] slim-app.INFO: Slim-Skeleton '/' route [] {"uid":"3574c34"}
[2019-04-12 13:59:28] slim-app.INFO: Slim-Skeleton '/' route [] {"uid":"f51157e"}
[2019-04-12 13:59:29] slim-app.INFO: Slim-Skeleton '/' route [] {"uid":"6326752"}
[2019-04-12 13:59:35] slim-app.INFO: Slim-Skeleton '/' route [] {"uid":"abcdd8c"}
[2019-04-12 13:59:38] slim-app.INFO: Slim-Skeleton '/' route [] {"uid":"1f6ffe4"}
[2019-04-12 13:59:41] slim-app.INFO: Slim-Skeleton '/' route [] {"uid":"e42598e"}
[2019-04-12 13:59:43] slim-app.INFO: Slim-Skeleton '/' route [] {"uid":"85e5e26"}
[2019-04-12 14:00:35] slim-app.INFO: Slim-Skeleton '/' route [] {"uid":"c8a3d70"}
[2019-04-12 14:00:39] slim-app.INFO: Slim-Skeleton '/add_user' route [] {"uid":"17c1c54"}
[2019-04-12 14:00:51] slim-app.INFO: Slim-Skeleton '/' route [] {"uid":"b04d72f"}
[2019-04-12 14:00:51] slim-app.INFO: Slim-Skeleton '/' route [] {"uid":"ccc42f6"}
[2019-04-12 14:03:25] slim-app.INFO: Slim-Skeleton '/' route [] {"uid":"952aa75"}
[2019-04-12 14:05:29] slim-app.INFO: Slim-Skeleton '/' route [] {"uid":"581538a"}
[2019-04-12 14:05:51] slim-app.INFO: Slim-Skeleton '/' route [] {"uid":"9efbf7c"}
[2019-04-12 14:08:59] slim-app.INFO: Slim-Skeleton '/' route [] {"uid":"47e9333"}
[2019-04-12 14:13:19] slim-app.INFO: Slim-Skeleton '/' route [] {"uid":"3498e10"}
[2019-04-12 14:13:21] slim-app.INFO: Slim-Skeleton '/' route [] {"uid":"46a076e"}
[2019-04-12 14:13:22] slim-app.INFO: Slim-Skeleton '/' route [] {"uid":"f408773"}
[2019-04-12 14:13:24] slim-app.INFO: Slim-Skeleton '/' route [] {"uid":"735bd6e"}
[2019-04-12 14:13:25] slim-app.INFO: Slim-Skeleton '/' route [] {"uid":"c66e761"}
[2019-04-12 14:13:26] slim-app.INFO: Slim-Skeleton '/' route [] {"uid":"4e8fa27"}
[2019-04-16 06:38:21] slim-app.INFO: Slim-Skeleton '/' route [] {"uid":"d200aa5"}
[2019-04-16 06:38:30] slim-app.INFO: Slim-Skeleton '/' route [] {"uid":"d865d6d"}
[2019-04-16 06:40:10] slim-app.INFO: Slim-Skeleton '/search' route [] {"uid":"a31b80a"}
[2019-04-16 06:40:33] slim-app.INFO: Slim-Skeleton '/' route [] {"uid":"eb18640"}
[2019-04-16 06:40:36] slim-app.INFO: Slim-Skeleton '/search' route [] {"uid":"d0f5b60"}
[2019-04-16 06:40:39] slim-app.INFO: Slim-Skeleton '/search' route [] {"uid":"fdf976c"}
[2019-04-16 06:40:42] slim-app.INFO: Slim-Skeleton '/' route [] {"uid":"a31cef6"}
[2019-04-16 06:40:44] slim-app.INFO: Slim-Skeleton '/oldsearch' route [] {"uid":"c594e05"}
[2019-04-16 06:48:53] slim-app.INFO: Slim-Skeleton '/' route [] {"uid":"3d3eac7"}
[2019-04-16 06:57:36] slim-app.INFO: Slim-Skeleton '/' route [] {"uid":"938429d"}
[2019-04-16 06:57:56] slim-app.INFO: Slim-Skeleton '/' route [] {"uid":"9e10fae"}
[2019-04-16 06:57:57] slim-app.INFO: Slim-Skeleton '/' route [] {"uid":"af3ba8d"}
[2019-04-16 06:58:05] slim-app.INFO: Slim-Skeleton '/' route [] {"uid":"cc34ce0"}
[2019-04-16 06:58:12] slim-app.INFO: Slim-Skeleton '/' route [] {"uid":"8677dcf"}
[2019-04-16 06:58:34] slim-app.INFO: Slim-Skeleton '/' route [] {"uid":"3d6d943"}
[2019-04-16 06:58:36] slim-app.INFO: Slim-Skeleton '/' route [] {"uid":"d61fde2"}
[2019-04-16 06:59:17] slim-app.INFO: Slim-Skeleton '/' route [] {"uid":"5e92a05"}
[2019-04-16 07:23:51] slim-app.INFO: Slim-Skeleton '/' route [] {"uid":"074806d"}
[2019-04-16 07:23:56] slim-app.INFO: Slim-Skeleton '/' route [] {"uid":"61325ae"}
[2019-04-16 07:23:58] slim-app.INFO: Slim-Skeleton '/oldsearch' route [] {"uid":"dc23f22"}
[2019-04-16 07:24:08] slim-app.INFO: Slim-Skeleton '/' route [] {"uid":"5c07cbf"}
[2019-04-16 07:24:59] slim-app.INFO: Slim-Skeleton '/' route [] {"uid":"df1b978"}
[2019-04-16 07:25:39] slim-app.INFO: Slim-Skeleton '/' route [] {"uid":"a6646cb"}
[2019-04-16 07:50:50] slim-app.INFO: Slim-Skeleton '/' route [] {"uid":"d29e080"}
[2019-04-16 07:52:21] slim-app.INFO: Slim-Skeleton '/' route [] {"uid":"6a752ec"}
[2019-04-16 07:52:33] slim-app.INFO: Slim-Skeleton '/' route [] {"uid":"64bed76"}
[2019-04-16 07:55:28] slim-app.INFO: Slim-Skeleton '/' route [] {"uid":"2c1da6a"}
[2019-04-16 07:56:02] slim-app.INFO: Slim-Skeleton '/' route [] {"uid":"45156e9"}
[2019-04-16 08:00:17] slim-app.INFO: Slim-Skeleton '/' route [] {"uid":"960dc94"}
[2019-04-16 08:06:27] slim-app.INFO: Slim-Skeleton '/' route [] {"uid":"333d40d"}
[2019-04-16 08:06:32] slim-app.INFO: Slim-Skeleton '/' route [] {"uid":"cb56769"}
[2019-04-16 08:09:04] slim-app.INFO: Slim-Skeleton '/' route [] {"uid":"b67d5f4"}
[2019-04-16 08:09:05] slim-app.INFO: Slim-Skeleton '/' route [] {"uid":"2e4bec9"}
[2019-04-16 08:09:09] slim-app.INFO: Slim-Skeleton '/' route [] {"uid":"377dfc0"}
[2019-04-16 08:18:23] slim-app.INFO: Slim-Skeleton '/' route [] {"uid":"dcb7321"}
[2019-04-16 08:24:03] slim-app.INFO: Slim-Skeleton '/sort/pid' route [] {"uid":"6b5f5e9"}
[2019-04-16 08:24:15] slim-app.INFO: Slim-Skeleton '/sort/pname' route [] {"uid":"4f9fda3"}
[2019-04-16 08:24:31] slim-app.INFO: Slim-Skeleton '/sort/price' route [] {"uid":"fcfc63c"}
[2019-04-16 11:48:05] slim-app.INFO: Slim-Skeleton '/' route [] {"uid":"6959f6b"}
[2019-04-18 05:18:21] slim-app.INFO: Slim-Skeleton '/' route [] {"uid":"0bace42"}
[2019-04-18 06:56:43] slim-app.INFO: Slim-Skeleton '/' route [] {"uid":"93a631e"}
[2019-04-18 06:56:59] slim-app.INFO: Slim-Skeleton '/' route [] {"uid":"17bb9c6"}
[2019-04-18 06:57:03] slim-app.INFO: Slim-Skeleton '/' route [] {"uid":"a40ab6f"}
[2019-04-18 06:57:10] slim-app.INFO: Slim-Skeleton '/register' route [] {"uid":"eb67f4a"}
[2019-04-18 06:57:11] slim-app.INFO: Slim-Skeleton '/product' route [] {"uid":"ad0441f"}
[2019-04-18 06:57:12] slim-app.INFO: Slim-Skeleton '/mycart' route [] {"uid":"baa71c1"}
[2019-04-18 06:57:14] slim-app.INFO: Slim-Skeleton '/search' route [] {"uid":"626a641"}
[2019-04-18 06:57:15] slim-app.INFO: Slim-Skeleton '/dbdemo' route [] {"uid":"2ae0b7c"}
[2019-04-18 06:57:16] slim-app.INFO: Slim-Skeleton '/dbajaxdemo' route [] {"uid":"78ac9df"}
[2019-04-18 06:57:18] slim-app.INFO: Slim-Skeleton '/esearchdemo' route [] {"uid":"183ebf6"}
[2019-04-18 06:57:20] slim-app.INFO: Slim-Skeleton '/redisdemo' route [] {"uid":"ba07826"}
[2019-04-18 06:57:21] slim-app.INFO: Slim-Skeleton '/pentest' route [] {"uid":"78af7c3"}
[2019-04-18 06:57:23] slim-app.INFO: Slim-Skeleton '/' route [] {"uid":"881ddbe"}
[2019-04-18 06:58:44] slim-app.INFO: Slim-Skeleton '/dbajaxdemo' route [] {"uid":"dcc423d"}
[2019-04-18 08:19:57] slim-app.INFO: Slim-Skeleton '/search' route [] {"uid":"0e9db61"}
[2019-04-18 08:19:57] slim-app.INFO: Slim-Skeleton '/search' route [] {"uid":"2c6c5b5"}
[2019-04-18 08:36:34] slim-app.INFO: Slim-Skeleton '/' route [] {"uid":"44e57f9"}
[2019-04-18 08:43:49] slim-app.INFO: Slim-Skeleton '/dbajaxdemo' route [] {"uid":"aa9f62f"}
[2019-04-18 08:46:21] slim-app.INFO: Slim-Skeleton '/dbajaxdemo' route [] {"uid":"816fe9f"}
[2019-04-18 08:50:40] slim-app.INFO: Slim-Skeleton '/dbajaxdemo' route [] {"uid":"61072b1"}
[2019-04-18 08:50:51] slim-app.INFO: Slim-Skeleton '/dbajaxdemo' route [] {"uid":"1b7e9b1"}
[2019-04-18 08:51:09] slim-app.INFO: Slim-Skeleton '/dbajaxdemo' route [] {"uid":"179b279"}
[2019-04-18 08:52:12] slim-app.INFO: Slim-Skeleton '/dbdemo' route [] {"uid":"c9272a4"}
[2019-04-18 08:52:14] slim-app.INFO: Slim-Skeleton '/dbajaxdemo' route [] {"uid":"3b7ddd3"}
[2019-04-18 09:15:02] slim-app.INFO: Slim-Skeleton '/dbajaxdemo' route [] {"uid":"2c2bd7a"}
[2019-04-18 09:15:07] slim-app.INFO: Slim-Skeleton '/dbajaxdemo' route [] {"uid":"33b6c35"}
[2019-04-18 09:15:13] slim-app.INFO: Slim-Skeleton '/dbajaxdemo' route [] {"uid":"94cc898"}
[2019-04-18 09:17:29] slim-app.INFO: Slim-Skeleton '/dbajaxdemo' route [] {"uid":"c37596b"}
[2019-04-18 09:17:43] slim-app.INFO: Slim-Skeleton '/dbajaxdemo' route [] {"uid":"81f5e0a"}
[2019-04-18 09:25:02] slim-app.INFO: Slim-Skeleton '/' route [] {"uid":"e1f2035"}
[2019-04-18 09:26:30] slim-app.INFO: Slim-Skeleton '/dbajaxdemo' route [] {"uid":"24c2bbc"}
[2019-04-18 09:27:05] slim-app.INFO: Slim-Skeleton '/dbajaxdemo' route [] {"uid":"ee44997"}
[2019-04-18 09:41:02] slim-app.INFO: Slim-Skeleton '/' route [] {"uid":"0bf2a14"}
[2019-04-18 09:41:49] slim-app.INFO: Slim-Skeleton '/dbajaxdemo' route [] {"uid":"159a9f6"}
[2019-04-18 09:42:15] slim-app.INFO: Slim-Skeleton '/dbajaxdemo' route [] {"uid":"8698ffb"}
[2019-04-18 09:48:49] slim-app.INFO: Slim-Skeleton '/search' route [] {"uid":"0827d03"}
[2019-04-18 09:48:57] slim-app.INFO: Slim-Skeleton '/dbajaxdemo' route [] {"uid":"359aed3"}
[2019-04-18 10:07:03] slim-app.INFO: Slim-Skeleton '/' route [] {"uid":"60fdfa7"}
[2019-04-18 10:07:06] slim-app.INFO: Slim-Skeleton '/dbajaxdemo' route [] {"uid":"7ceb30e"}
[2019-04-18 10:47:07] slim-app.INFO: Slim-Skeleton '/dbajaxdemo' route [] {"uid":"ba90719"}
[2019-04-18 11:54:40] slim-app.INFO: Slim-Skeleton '/' route [] {"uid":"815610b"}
[2019-04-18 11:54:43] slim-app.INFO: Slim-Skeleton '/dbajaxdemo' route [] {"uid":"01f9d42"}
